{
  "RSpec": {
    "coverage": {
      "D:/RubyOnRails/session_authentication/config/environment.rb": {
        "lines": [
          null,
          1,
          null,
          null,
          1
        ]
      },
      "D:/RubyOnRails/session_authentication/config/application.rb": {
        "lines": [
          1,
          null,
          1,
          null,
          null,
          null,
          1,
          null,
          1,
          1,
          null,
          1,
          null,
          null,
          null,
          null,
          null,
          null,
          null,
          null,
          null,
          null
        ]
      },
      "D:/RubyOnRails/session_authentication/config/boot.rb": {
        "lines": [
          1,
          null,
          1,
          1
        ]
      },
      "D:/RubyOnRails/session_authentication/config/environments/test.rb": {
        "lines": [
          1,
          null,
          null,
          null,
          null,
          null,
          null,
          1,
          null,
          null,
          null,
          1,
          null,
          null,
          null,
          null,
          1,
          null,
          null,
          1,
          1,
          null,
          null,
          null,
          null,
          1,
          1,
          1,
          null,
          null,
          1,
          null,
          null,
          1,
          null,
          null,
          1,
          null,
          1,
          null,
          null,
          null,
          null,
          1,
          null,
          null,
          1,
          null,
          null,
          1,
          null,
          null,
          1,
          null,
          null,
          null,
          null,
          null,
          null,
          null
        ]
      },
      "D:/RubyOnRails/session_authentication/config/initializers/assets.rb": {
        "lines": [
          null,
          null,
          null,
          1,
          null,
          null,
          null,
          null,
          null,
          null,
          null,
          null
        ]
      },
      "D:/RubyOnRails/session_authentication/config/initializers/content_security_policy.rb": {
        "lines": [
          null,
          null,
          null,
          null,
          null,
          null,
          null,
          null,
          null,
          null,
          null,
          null,
          null,
          null,
          null,
          null,
          null,
          null,
          null,
          null,
          null,
          null,
          null,
          null,
          null
        ]
      },
      "D:/RubyOnRails/session_authentication/config/initializers/filter_parameter_logging.rb": {
        "lines": [
          null,
          null,
          null,
          null,
          null,
          1,
          null,
          null
        ]
      },
      "D:/RubyOnRails/session_authentication/config/initializers/inflections.rb": {
        "lines": [
          null,
          null,
          null,
          null,
          null,
          null,
          null,
          null,
          null,
          null,
          null,
          null,
          null,
          null,
          null,
          null
        ]
      },
      "D:/RubyOnRails/session_authentication/config/initializers/permissions_policy.rb": {
        "lines": [
          null,
          null,
          null,
          null,
          null,
          null,
          null,
          null,
          null,
          null,
          null
        ]
      },
      "D:/RubyOnRails/session_authentication/config/routes.rb": {
        "lines": [
          1,
          1,
          null,
          1,
          1,
          1,
          1,
          1,
          1,
          1,
          1,
          null,
          1,
          1,
          null,
          null,
          null,
          null,
          null,
          1,
          1,
          1,
          1,
          1,
          null,
          null,
          null,
          null,
          null
        ]
      },
      "D:/RubyOnRails/session_authentication/app/helpers/application_helper.rb": {
        "lines": [
          1,
          1,
          27,
          null,
          27,
          null,
          null,
          1,
          27,
          null,
          null,
          1,
          27,
          null,
          null
        ]
      },
      "D:/RubyOnRails/session_authentication/app/helpers/category_helper.rb": {
        "lines": [
          1,
          null
        ]
      },
      "D:/RubyOnRails/session_authentication/app/helpers/posts_helper.rb": {
        "lines": [
          1,
          null
        ]
      },
      "D:/RubyOnRails/session_authentication/app/helpers/sessions_helper.rb": {
        "lines": [
          1,
          null
        ]
      },
      "D:/RubyOnRails/session_authentication/app/helpers/users_helper.rb": {
        "lines": [
          1,
          null
        ]
      },
      "D:/RubyOnRails/session_authentication/app/controllers/posts_controller.rb": {
        "lines": [
          1,
          1,
          1,
          null,
          null,
          null,
          1,
          1,
          null,
          null,
          1,
          3,
          3,
          null,
          null,
          1,
          11,
          11,
          11,
          null,
          3,
          3,
          null,
          null,
          null,
          8,
          null,
          null,
          null,
          1,
          3,
          3,
          null,
          null,
          1,
          6,
          6,
          3,
          3,
          null,
          3,
          3,
          null,
          3,
          null,
          null,
          null,
          1,
          2,
          2,
          2,
          null,
          null,
          1,
          0,
          null,
          0,
          0,
          0,
          null,
          null,
          null,
          1,
          null,
          1,
          0,
          0,
          null,
          0,
          0,
          0,
          null,
          0,
          0,
          null,
          null,
          null,
          null,
          null,
          null,
          null,
          null,
          1,
          null,
          1,
          17,
          null,
          null
        ]
      },
      "D:/RubyOnRails/session_authentication/app/controllers/application_controller.rb": {
        "lines": [
          1,
          1,
          1,
          1,
          1,
          null,
          1,
          0,
          null,
          0,
          null,
          null
        ]
      },
      "D:/RubyOnRails/session_authentication/app/models/user.rb": {
        "lines": [
          1,
          1,
          null,
          1,
          1,
          null,
          1,
          null,
          null
        ]
      },
      "D:/RubyOnRails/session_authentication/app/models/application_record.rb": {
        "lines": [
          1,
          1,
          null
        ]
      },
      "D:/RubyOnRails/session_authentication/app/models/category.rb": {
        "lines": [
          1,
          1,
          1,
          1,
          1,
          null,
          1,
          0,
          null,
          0,
          0,
          null,
          0,
          0,
          null,
          null,
          null,
          null,
          1,
          0,
          0,
          null,
          0,
          null,
          0,
          0,
          null,
          0,
          0,
          null,
          0,
          0,
          null,
          null,
          null
        ]
      },
      "D:/RubyOnRails/session_authentication/app/models/post.rb": {
        "lines": [
          1,
          1,
          1,
          1,
          1,
          null,
          1,
          null,
          1,
          null,
          1,
          1,
          null,
          null,
          null,
          1,
          0,
          null,
          0,
          0,
          null,
          0,
          0,
          null,
          null,
          null,
          null,
          1,
          0,
          0,
          null,
          0,
          0,
          null,
          0,
          null,
          0,
          null,
          0,
          0,
          null,
          null,
          null
        ]
      },
      "D:/RubyOnRails/session_authentication/app/services/posts_service.rb": {
        "lines": [
          1,
          1,
          1,
          2,
          null,
          null,
          1,
          3,
          null,
          null,
          1,
          11,
          null,
          null,
          1,
          7,
          null,
          null,
          1,
          6,
          6,
          null,
          null,
          1,
          2,
          2,
          null,
          null,
          null
        ]
      },
      "D:/RubyOnRails/session_authentication/app/repositories/posts_repository.rb": {
        "lines": [
          1,
          1,
          1,
          2,
          null,
          null,
          1,
          3,
          null,
          null,
          1,
          11,
          null,
          null,
          1,
          15,
          null,
          null,
          1,
          6,
          null,
          null,
          1,
          2,
          null,
          null,
          null
        ]
      },
      "D:/RubyOnRails/session_authentication/app/services/categories_service.rb": {
        "lines": [
          1,
          1,
          1,
          14,
          null,
          null,
          1,
          0,
          null,
          null,
          1,
          0,
          null,
          null,
          1,
          0,
          null,
          null,
          1,
          0,
          0,
          null,
          null,
          1,
          0,
          0,
          null,
          null,
          null
        ]
      },
      "D:/RubyOnRails/session_authentication/app/repositories/categories_repository.rb": {
        "lines": [
          1,
          1,
          1,
          14,
          null,
          null,
          1,
          0,
          null,
          null,
          1,
          0,
          0,
          null,
          null,
          1,
          0,
          null,
          null,
          1,
          0,
          null,
          null,
          1,
          0,
          null,
          null,
          null
        ]
      }
    },
    "timestamp": 1686024988
  }
}
